2022-06-22 20:27:48,552 Init local backup
2022-06-22 20:27:48,553 File "/Users/imranahmed/.bash_profile" included in the tar
2022-06-22 20:27:48,557 File "/Users/imranahmed/.ssh/" included in the tar
2022-06-22 20:27:48,563 File "/Users/imranahmed/.ssh/Desktop/diary/" included in the tar
2022-06-22 20:33:01,314 Init local backup
2022-06-22 20:33:01,315 File "/Users/imranahmed/.bash_profile" included in the tar
2022-06-22 20:33:01,318 File "/Users/imranahmed/.ssh/" included in the tar
2022-06-22 20:33:01,323 File "/Users/imranahmed/.ssh/Desktop/diary/" included in the tar
2022-06-22 20:33:01,323 Bad file Path: /Users/imranahmed/.ssh/Desktop/diary/
2022-06-22 20:37:55,202 Init local backup
2022-06-22 20:37:55,204 File "/Users/imranahmed/.bash_profile" included in the tar
2022-06-22 20:37:55,208 File "/Users/imranahmed/.ssh/" included in the tar
2022-06-22 20:37:55,212 File "/Users/imranahmed/.ssh/Desktop/diary/" included in the tar
2022-06-22 20:37:55,213 Bad file Path: /Users/imranahmed/.ssh/Desktop/diary/
2022-06-22 20:40:53,168 Init local backup
2022-06-22 20:40:53,170 File "/Users/imranahmed/.bash_profile" included in the tar
2022-06-22 20:40:53,173 File "/Users/imranahmed/.ssh/" included in the tar
2022-06-22 20:40:53,179 File "/Users/imranahmed/.ssh/Desktop/diary/" included in the tar
2022-06-22 20:40:53,179 Bad file Path: /Users/imranahmed/.ssh/Desktop/diary/
2022-06-22 20:41:06,634 Init local backup
2022-06-22 20:41:06,635 File "/Users/imranahmed/.bash_profile" included in the tar
2022-06-22 20:41:06,637 File "/Users/imranahmed/.ssh/" included in the tar
2022-06-22 20:41:06,639 File "/Users/imranahmed/.ssh/Desktop/diary/" included in the tar
2022-06-22 20:41:06,639 Bad file Path: /Users/imranahmed/.ssh/Desktop/diary/
2022-06-22 20:41:40,894 Init local backup
2022-06-22 20:41:40,895 File "/Users/imranahmed/.bash_profile/fcx" included in the tar
2022-06-22 20:41:40,895 Bad file Path: /Users/imranahmed/.bash_profile/fcx
2022-06-22 20:41:40,895 File "/Users/imranahmed/.ssh/fxfxf" included in the tar
2022-06-22 20:41:40,895 Bad file Path: /Users/imranahmed/.ssh/fxfxf
2022-06-22 20:41:40,895 File "/Users/imranahmed/.ssh/Desktop/diary/" included in the tar
2022-06-22 20:41:40,895 Bad file Path: /Users/imranahmed/.ssh/Desktop/diary/
2022-06-22 20:41:50,042 Init local backup
2022-06-22 20:41:50,042 File "/Users/imranahmed/.bash_profile/fcx" included in the tar
2022-06-22 20:41:50,042 Bad file Path: /Users/imranahmed/.bash_profile/fcx
2022-06-22 20:41:50,042 File "/Users/imranahmed/.ssh/fxfxf" included in the tar
2022-06-22 20:41:50,042 Bad file Path: /Users/imranahmed/.ssh/fxfxf
2022-06-22 20:41:50,042 File "/Users/imranahmed/.ssh/Desktop/diary/" included in the tar
2022-06-22 20:41:50,042 Bad file Path: /Users/imranahmed/.ssh/Desktop/diary/
2022-06-22 20:42:16,395 Init local backup
2022-06-22 20:42:16,396 File "/Users/imranahmed/.bash_profile/fcx" included in the tar
2022-06-22 20:42:16,396 Bad file Path: /Users/imranahmed/.bash_profile/fcx
2022-06-22 20:42:16,396 File "/Users/imranahmed/.ssh/fxfxf" included in the tar
2022-06-22 20:42:16,396 Bad file Path: /Users/imranahmed/.ssh/fxfxf
2022-06-22 20:42:16,396 File "/Users/imranahmed/.ssh/Desktop/diary/" included in the tar
2022-06-22 20:42:16,396 Bad file Path: /Users/imranahmed/.ssh/Desktop/diary/
2022-06-22 20:55:35,304 Init local backup
2022-06-22 20:55:35,306 File "/Users/imranahmed/.bash_profile/fcx" included in the tar
2022-06-22 20:55:35,306 Bad file Path: /Users/imranahmed/.bash_profile/fcx
2022-06-22 20:55:35,306 File "/Users/imranahmed/.ssh/fxfxf" included in the tar
2022-06-22 20:55:35,306 Bad file Path: /Users/imranahmed/.ssh/fxfxf
2022-06-22 20:55:35,306 File "/Users/imranahmed/.ssh/Desktop/diary/" included in the tar
2022-06-22 20:55:35,306 Bad file Path: /Users/imranahmed/.ssh/Desktop/diary/
2022-06-22 20:55:54,206 Init local backup
2022-06-22 20:55:54,207 File "/Users/imranahmed/.bash_profile/" included in the tar
2022-06-22 20:55:54,207 Bad file Path: /Users/imranahmed/.bash_profile/
2022-06-22 20:55:54,207 File "/Users/imranahmed/.ssh/fxfxf" included in the tar
2022-06-22 20:55:54,207 Bad file Path: /Users/imranahmed/.ssh/fxfxf
2022-06-22 20:55:54,207 File "/Users/imranahmed/.ssh/Desktop/diary/" included in the tar
2022-06-22 20:55:54,208 Bad file Path: /Users/imranahmed/.ssh/Desktop/diary/
2022-06-22 20:56:29,265 Init local backup
2022-06-22 20:56:29,265 File "/Users/imranahmed/.bash_profile/gvgv" included in the tar
2022-06-22 20:56:29,265 Bad file Path: /Users/imranahmed/.bash_profile/gvgv
2022-06-22 20:56:29,265 File "/Users/imranahmed/.ssh/fxfxf" included in the tar
2022-06-22 20:56:29,265 Bad file Path: /Users/imranahmed/.ssh/fxfxf
2022-06-22 20:56:29,266 File "/Users/imranahmed/.ssh/Desktop/diary/" included in the tar
2022-06-22 20:56:29,266 Bad file Path: /Users/imranahmed/.ssh/Desktop/diary/
2022-06-22 20:58:28,977 Init local backup
2022-06-22 20:59:24,056 Init local backup
2022-06-22 20:59:47,612 Init local backup
2022-06-22 20:59:47,613 File "/Users/imranahmed/.bash_profile/gvgv" included in the tar
2022-06-22 20:59:47,613 Bad file Path: /Users/imranahmed/.bash_profile/gvgv
2022-06-22 20:59:47,613 File "/Users/imranahmed/.ssh/fxfxf" included in the tar
2022-06-22 20:59:47,613 Bad file Path: /Users/imranahmed/.ssh/fxfxf
2022-06-22 20:59:47,613 File "/Users/imranahmed/.ssh/Desktop/diary/" included in the tar
2022-06-22 20:59:47,613 Bad file Path: /Users/imranahmed/.ssh/Desktop/diary/
2022-06-22 20:59:59,095 Init local backup
2022-06-22 20:59:59,095 File "/Users/imranahmed/.bash_profile/" included in the tar
2022-06-22 20:59:59,095 Bad file Path: /Users/imranahmed/.bash_profile/
2022-06-22 20:59:59,095 File "/Users/imranahmed/.ssh/fxfxf" included in the tar
2022-06-22 20:59:59,095 Bad file Path: /Users/imranahmed/.ssh/fxfxf
2022-06-22 20:59:59,095 File "/Users/imranahmed/.ssh/Desktop/diary/" included in the tar
2022-06-22 20:59:59,095 Bad file Path: /Users/imranahmed/.ssh/Desktop/diary/
2022-06-22 21:00:12,452 Init local backup
2022-06-22 21:00:12,452 File "/Users/imranahmed/.bash_profile/" included in the tar
2022-06-22 21:00:12,452 Bad file Path: /Users/imranahmed/.bash_profile/
2022-06-22 21:00:12,452 File "/Users/imranahmed/.ssh/" included in the tar
2022-06-22 21:00:31,717 Init local backup
2022-06-22 21:00:31,717 File "/Users/imranahmed/.bash_profile/" included in the tar
2022-06-22 21:00:31,717 Bad file Path: /Users/imranahmed/.bash_profile/
2022-06-22 21:00:31,717 File "/Users/imranahmed/.ssh/" included in the tar
2022-06-22 21:00:40,843 Init local backup
2022-06-22 21:00:40,843 File "/Users/imranahmed/.bash_profile/cfc" included in the tar
2022-06-22 21:00:40,843 Bad file Path: /Users/imranahmed/.bash_profile/cfc
2022-06-22 21:00:40,843 File "/Users/imranahmed/.ssh/cfc" included in the tar
2022-06-22 21:00:40,844 Bad file Path: /Users/imranahmed/.ssh/cfc
2022-06-22 21:00:40,844 File "/Users/imranahmed/.ssh/Desktop/diary/" included in the tar
2022-06-22 21:00:40,844 Bad file Path: /Users/imranahmed/.ssh/Desktop/diary/
2022-06-22 21:01:28,779 Init local backup
2022-06-22 21:01:28,780 File "/Users/imranahmed/.bash_profile/cfc" included in the tar
2022-06-22 21:01:28,780 Bad file Path: /Users/imranahmed/.bash_profile/cfc
2022-06-22 21:01:28,780 File "/Users/imranahmed/.ssh/cfc" included in the tar
2022-06-22 21:01:28,780 Bad file Path: /Users/imranahmed/.ssh/cfc
2022-06-22 21:01:28,780 File "/Users/imranahmed/.ssh/Desktop/diary/" included in the tar
2022-06-22 21:01:28,780 Bad file Path: /Users/imranahmed/.ssh/Desktop/diary/
2022-06-22 21:01:37,274 Init local backup
2022-06-22 21:01:37,274 File "/Users/imranahmed/.bash_profile/" included in the tar
2022-06-22 21:01:37,274 Bad file Path: /Users/imranahmed/.bash_profile/
2022-06-22 21:01:37,274 File "/Users/imranahmed/.ssh/cfc" included in the tar
2022-06-22 21:01:37,274 Bad file Path: /Users/imranahmed/.ssh/cfc
2022-06-22 21:01:37,275 File "/Users/imranahmed/.ssh/Desktop/diary/" included in the tar
2022-06-22 21:01:37,275 Bad file Path: /Users/imranahmed/.ssh/Desktop/diary/
2022-06-22 21:01:45,813 Init local backup
2022-06-22 21:01:45,813 File "/Users/imranahmed/.bash_profile/" included in the tar
2022-06-22 21:01:45,813 Bad file Path: /Users/imranahmed/.bash_profile/
2022-06-22 21:01:45,813 File "/Users/imranahmed/.ssh/" included in the tar
2022-06-22 21:01:45,813 File "/Users/imranahmed/.ssh/Desktop/diary/" included in the tar
2022-06-22 21:01:45,813 Bad file Path: /Users/imranahmed/.ssh/Desktop/diary/
2022-06-22 21:01:56,874 Init local backup
2022-06-22 21:01:56,874 File "/Users/imranahmed/.bash_profile" included in the tar
2022-06-22 21:01:56,874 File "/Users/imranahmed/.ssh/" included in the tar
2022-06-22 21:01:56,874 File "/Users/imranahmed/.ssh/Desktop/diary/" included in the tar
2022-06-22 21:01:56,874 Bad file Path: /Users/imranahmed/.ssh/Desktop/diary/
2022-06-22 21:03:01,446 Init local backup
2022-06-22 21:03:01,446 File "/Users/imranahmed/.bash_profile" included in the tar
2022-06-22 21:03:01,446 File "/Users/imranahmed/.ssh/" included in the tar
2022-06-22 21:03:01,446 File "/Users/imranahmed/.ssh/Desktop/diary/" included in the tar
2022-06-22 21:03:01,446 Bad file Path: /Users/imranahmed/.ssh/Desktop/diary/
2022-06-22 21:03:01,446 File "/Users/imranahmed/.bash_profile" included in the tar
2022-06-22 21:03:01,446 File "/Users/imranahmed/.ssh/" included in the tar
2022-06-22 21:03:01,446 File "/Users/imranahmed/.ssh/Desktop/diary/" included in the tar
2022-06-22 21:03:01,446 Bad file Path: /Users/imranahmed/.ssh/Desktop/diary/
2022-06-22 21:05:40,393 Init local backup
2022-06-22 21:05:40,393 File "/Users/imranahmed/.bash_profile" included in the tar
2022-06-22 21:05:40,393 File "/Users/imranahmed/.ssh/" included in the tar
2022-06-22 21:05:40,393 File "/Users/imranahmed/.ssh/Desktop/diary/" included in the tar
2022-06-22 21:05:40,393 Bad file Path: /Users/imranahmed/.ssh/Desktop/diary/
2022-06-22 21:05:40,394 File "/Users/imranahmed/.bash_profile" included in the tar
2022-06-22 21:05:40,397 File "/Users/imranahmed/.ssh/" included in the tar
2022-06-22 21:05:40,401 File "/Users/imranahmed/.ssh/Desktop/diary/" included in the tar
2022-06-22 21:05:40,401 Bad file Path: /Users/imranahmed/.ssh/Desktop/diary/
2022-06-22 21:06:30,916 Init local backup
2022-06-22 21:06:30,916 File "/Users/imranahmed/.bash_profile/cgvgj" included in the tar
2022-06-22 21:06:30,916 Bad file Path: /Users/imranahmed/.bash_profile/cgvgj
2022-06-22 21:06:30,916 File "/Users/imranahmed/.ssh/cfcc" included in the tar
2022-06-22 21:06:30,916 Bad file Path: /Users/imranahmed/.ssh/cfcc
2022-06-22 21:06:30,917 File "/Users/imranahmed/.ssh/Desktop/diary/" included in the tar
2022-06-22 21:06:30,917 Bad file Path: /Users/imranahmed/.ssh/Desktop/diary/
2022-06-22 21:07:02,411 Init local backup
2022-06-22 21:07:02,413 File "/Users/imranahmed/.bash_profile/cgvgj" included in the tar
2022-06-22 21:07:02,413 Bad file Path: /Users/imranahmed/.bash_profile/cgvgj
2022-06-22 21:07:02,413 File "/Users/imranahmed/.ssh/cfcc" included in the tar
2022-06-22 21:07:02,413 Bad file Path: /Users/imranahmed/.ssh/cfcc
2022-06-22 21:07:02,413 File "/Users/imranahmed/.ssh/Desktop/diary/" included in the tar
2022-06-22 21:07:02,413 Bad file Path: /Users/imranahmed/.ssh/Desktop/diary/
2022-06-22 21:07:59,939 Init local backup
2022-06-22 21:07:59,957 File "/Users/imranahmed/.bash_profile" included in the tar
2022-06-22 21:07:59,957 File "/Users/imranahmed/.ssh/" included in the tar
2022-06-22 21:07:59,957 File "/Users/imranahmed/.ssh/Desktop/diary/" included in the tar
2022-06-22 21:07:59,957 Bad file Path: /Users/imranahmed/.ssh/Desktop/diary/
2022-06-22 21:07:59,958 File "/Users/imranahmed/.bash_profile" included in the tar
2022-06-22 21:07:59,962 File "/Users/imranahmed/.ssh/" included in the tar
2022-06-22 21:07:59,967 File "/Users/imranahmed/.ssh/Desktop/diary/" included in the tar
2022-06-22 21:07:59,967 Bad file Path: /Users/imranahmed/.ssh/Desktop/diary/
2022-06-28 20:15:46,873 Init local backup
2022-06-28 20:15:46,875 File "/Users/imranahmed/.bash_profile" included in the tar
2022-06-28 20:15:46,875 File "/Users/imranahmed/.ssh/" included in the tar
2022-06-28 20:15:46,875 File "/Users/imranahmed/.ssh/Desktop/diary/" included in the tar
2022-06-28 20:15:46,876 Bad file Path: /Users/imranahmed/.ssh/Desktop/diary/
2022-06-28 20:15:46,878 File "/Users/imranahmed/.bash_profile" included in the tar
2022-06-28 20:15:46,883 File "/Users/imranahmed/.ssh/" included in the tar
2022-06-28 20:15:46,892 File "/Users/imranahmed/.ssh/Desktop/diary/" included in the tar
2022-06-28 20:15:46,892 Bad file Path: /Users/imranahmed/.ssh/Desktop/diary/
2022-06-28 20:19:09,440 Init local backup
2022-06-28 20:19:09,440 File "/Users/imranahmed/.bash_profile" included in the tar
2022-06-28 20:19:09,440 File "/Users/imranahmed/.ssh/" included in the tar
2022-06-28 20:19:09,440 File "/Users/imranahmed/.ssh/Desktop/diary/" included in the tar
2022-06-28 20:19:09,441 Bad file Path: /Users/imranahmed/.ssh/Desktop/diary/
2022-06-28 20:19:09,441 File "/Users/imranahmed/.bash_profile" included in the tar
2022-06-28 20:19:09,443 File "/Users/imranahmed/.ssh/" included in the tar
2022-06-28 20:19:09,444 File "/Users/imranahmed/.ssh/Desktop/diary/" included in the tar
2022-06-28 20:19:09,444 Bad file Path: /Users/imranahmed/.ssh/Desktop/diary/
2022-06-28 20:21:01,687 Init local backup
2022-06-28 20:21:06,653 Init local backup
2022-06-28 20:21:27,945 Init local backup
2022-06-28 20:22:00,997 Init local backup
2022-06-28 20:22:00,997 File "/Users/imranahmed/.bash_profile" included in the tar
2022-06-28 20:22:00,997 File "/Users/imranahmed/.ssh/" included in the tar
2022-06-28 20:22:00,997 File "/Users/imranahmed/.ssh/Desktop/diary/" included in the tar
2022-06-28 20:22:00,997 Bad file Path: /Users/imranahmed/.ssh/Desktop/diary/
2022-06-28 20:22:00,997 File "/Users/imranahmed/.bash_profile" included in the tar
2022-06-28 20:22:00,999 File "/Users/imranahmed/.ssh/" included in the tar
2022-06-28 20:22:01,001 File "/Users/imranahmed/.ssh/Desktop/diary/" included in the tar
2022-06-28 20:22:01,001 Bad file Path: /Users/imranahmed/.ssh/Desktop/diary/
